[2025-08-07 21:36:21] [FGToolWatcher.WATCHER] INFO: Démarrage de Watcher.py...
[2025-08-07 21:36:21] [FGToolWatcher.WATCHER] INFO: Démarrage de CIPACwatcher.py...
[2025-08-07 21:36:38] [FGToolWatcher.CIPAC] WARNING: False positive detected for REF-105829: got REF-530016542! Skipping...
[2025-08-07 21:38:30] [FGToolWatcher.CIPAC] INFO: Processus CIPACwatcher terminé...
[2025-08-07 21:38:30] [FGToolWatcher.WATCHER] INFO: Démarrage de CLABOTSwatcher.py...
[2025-08-07 21:38:38] [FGToolWatcher.CLABOTS] WARNING: No product section found for REF-105829
[2025-08-07 21:38:53] [FGToolWatcher.CLABOTS] WARNING: False positive detected for REF-DGA506Z: got REF-DLX4183T3J! Skipping...
[2025-08-07 21:39:20] [FGToolWatcher.CLABOTS] WARNING: No product section found for REF-HG5030K
[2025-08-07 21:39:29] [FGToolWatcher.CLABOTS] WARNING: No product section found for REF-DCB1104P3-QW
[2025-08-07 21:39:37] [FGToolWatcher.CLABOTS] WARNING: No product section found for REF-G23SW2W7Z
[2025-08-07 21:39:45] [FGToolWatcher.CLABOTS] WARNING: No product section found for REF-0601390909
[2025-08-07 21:40:02] [FGToolWatcher.CLABOTS] INFO: Processus CLABOTSwatcher terminé...
[2025-08-07 21:40:02] [FGToolWatcher.WATCHER] INFO: Démarrage de FIXAMIwatcher.py...
[2025-08-07 21:40:11] [FGToolWatcher.UTILS] INFO: Cookies acceptés pour Fixami: https://www.fixami.be/fr/produits.html?s=105829.
[2025-08-07 21:40:22] [FGToolWatcher.UTILS] INFO: Cookies acceptés pour Fixami: https://www.fixami.be/fr/soudal-fix-all-flexi-universel-mastic-et-colle-blanc-290ml.html.
[2025-08-07 21:40:28] [FGToolWatcher.FIXAMI] WARNING: False positive detected for REF-105829: got REF-105029! Skipping...
[2025-08-07 21:40:36] [FGToolWatcher.UTILS] INFO: Cookies acceptés pour Fixami: https://www.fixami.be/fr/produits.html?s=DGA506Z.
[2025-08-07 21:40:48] [FGToolWatcher.UTILS] INFO: Cookies acceptés pour Fixami: https://www.fixami.be/fr/makita-dga506z-meuleuse-d-angle-sans-fil-18v-li-ion-125-mm-softstart-brushless-machine-seule.html.
[2025-08-07 21:41:02] [FGToolWatcher.UTILS] INFO: Cookies acceptés pour Fixami: https://www.fixami.be/fr/produits.html?s=102392.
[2025-08-07 21:41:13] [FGToolWatcher.UTILS] INFO: Cookies acceptés pour Fixami: https://www.fixami.be/fr/festool-stf-80x133-p320-gr-net-50-abrasif-maille.html.
[2025-08-07 21:41:19] [FGToolWatcher.FIXAMI] WARNING: False positive detected for REF-102392: got REF-203292! Skipping...
[2025-08-07 21:41:28] [FGToolWatcher.UTILS] INFO: Cookies acceptés pour Fixami: https://www.fixami.be/fr/produits.html?s=HG5030K.
[2025-08-07 21:41:39] [FGToolWatcher.UTILS] INFO: Cookies acceptés pour Fixami: https://www.fixami.be/fr/decapeur-thermique-makita-hg5030k-dans-coffret-1600-w.html.
[2025-08-07 21:41:52] [FGToolWatcher.UTILS] INFO: Cookies acceptés pour Fixami: https://www.fixami.be/fr/produits.html?s=DCB1104P3-QW.
[2025-08-07 21:42:04] [FGToolWatcher.UTILS] INFO: Cookies acceptés pour Fixami: https://www.fixami.be/fr/dewalt-dcb1104p3-kit-de-demarrage-batterie-li-ion-18v-3x-5.0ah-chargeur.html.
[2025-08-07 21:42:17] [FGToolWatcher.UTILS] INFO: Cookies acceptés pour Fixami: https://www.fixami.be/fr/produits.html?s=G23SW2W7Z.
[2025-08-07 21:42:29] [FGToolWatcher.UTILS] INFO: Cookies acceptés pour Fixami: https://www.fixami.be/fr/hikoki-g23sw2w7z-meuleuse-d-angle-230-mm-2.200-w.html.
[2025-08-07 21:42:43] [FGToolWatcher.UTILS] INFO: Cookies acceptés pour Fixami: https://www.fixami.be/fr/produits.html?s=0601390909.
[2025-08-07 21:42:55] [FGToolWatcher.UTILS] INFO: Cookies acceptés pour Fixami: https://www.fixami.be/fr/bosch-0601390909-perceuse-angulaire-sans-fil-gwb-12v-10-c-g-machine-seule.html.
[2025-08-07 21:43:00] [FGToolWatcher.FIXAMI] WARNING: False positive detected for REF-0601390909: got REF-601390909! Skipping...
[2025-08-07 21:43:09] [FGToolWatcher.UTILS] INFO: Cookies acceptés pour Fixami: https://www.fixami.be/fr/produits.html?s=FS4000JX2.
[2025-08-07 21:43:14] [FGToolWatcher.FIXAMI] WARNING: No links found for this REF-FS4000JX2
[2025-08-07 21:43:16] [FGToolWatcher.FIXAMI] INFO: Processus FIXAMIwatcher terminé...
[2025-08-07 21:43:16] [FGToolWatcher.WATCHER] INFO: Démarrage de KLIUMwatcher.py...
[2025-08-07 21:43:26] [FGToolWatcher.UTILS] INFO: Cookies acceptés pour Klium: https://www.klium.be/fr/soudal-silirub-color-silicone-neutre-ral-5011-bleu-acier-310-ml-105829-124946.
[2025-08-07 21:43:41] [FGToolWatcher.UTILS] INFO: Cookies acceptés pour Klium: https://www.klium.be/fr/makita-dga506z-meuleuse-d-angle-sans-fil-18v-lxt-125mm-avec-interrupteur-a-glissiere-dans-une-boite-en-carton-sans-batterie-ni-107221.
[2025-08-07 21:43:55] [FGToolWatcher.UTILS] INFO: Cookies acceptés pour Klium: https://www.klium.be/fr/soudal-silirub-2-silicone-neutre-blanc-310-ml-102392-107168.
[2025-08-07 21:44:09] [FGToolWatcher.UTILS] INFO: Cookies acceptés pour Klium: https://www.klium.be/fr/makita-hg5030k-pistolet-a-air-chaud-1600-w-en-mallette-106904.
[2025-08-07 21:44:23] [FGToolWatcher.UTILS] INFO: Cookies acceptés pour Klium: https://www.klium.be/fr/recherche?s=DCB1104P3-QW.
[2025-08-07 21:44:34] [FGToolWatcher.UTILS] INFO: Cookies acceptés pour Klium: https://www.klium.be/fr/dewalt-dcb1104p3-qw-kit-de-chargement-de-la-batterie-18v-xr-3x-50ah-batterie-multi-chargeur-122568.
[2025-08-07 21:44:48] [FGToolWatcher.UTILS] INFO: Cookies acceptés pour Klium: https://www.klium.be/fr/hikoki-g23sw2w7z-meuleuse-d-angle-230-mm-2200w-138898.
[2025-08-07 21:45:02] [FGToolWatcher.UTILS] INFO: Cookies acceptés pour Klium: https://www.klium.be/fr/bosch-gwb-12-v-10-perceuse-d-angle-en-l-boxx-102-sans-batterie-ni-chargeur-0601390909-121142.
[2025-08-07 21:45:16] [FGToolWatcher.UTILS] INFO: Cookies acceptés pour Klium: https://www.klium.be/fr/makita-fs4000jx2-visseuse-pour-plaques-de-platre-570w-adaptateur-tournevis-en-mallette-106851.
[2025-08-07 21:45:23] [FGToolWatcher.KLIUM] INFO: Processus KLIUMwatcher terminé...
[2025-08-07 21:45:23] [FGToolWatcher.WATCHER] INFO: Démarrage de CSVmerger.py...
[2025-08-07 21:45:23] [FGToolWatcher.WATCHER] INFO: Sending results...
[2025-08-07 21:45:23] [FGToolWatcher.CSVmerger] INFO: Tentative d'envoi vers Google Sheets (tentative 1/3)...
[2025-08-07 21:45:26] [FGToolWatcher.CSVmerger] INFO: ✅ Envoi vers Google Sheets réussi.
[2025-08-07 21:45:26] [FGToolWatcher.WATCHER] INFO: Sending report...
